<?xml version="1.0" encoding="UTF-8"?>
<!-- Generated by org.testng.reporters.JUnitXMLReporter -->
<testsuite hostname="user-PC" name="Test" tests="6" failures="0" timestamp="7 Jul 2018 13:07:13 GMT" time="0.083" errors="0">
  <testcase name="test1" time="0.014" classname="com.qa.Tests.Test1"/>
  <testcase name="test2" time="0.002" classname="com.qa.Tests.Test1"/>
  <testcase name="test3" time="0.002" classname="com.qa.Tests.Test1"/>
  <testcase name="test4" time="0.002" classname="com.qa.Tests.Test2"/>
  <testcase name="test5" time="0.002" classname="com.qa.Tests.Test2"/>
  <testcase name="test6" time="0.01" classname="com.qa.Tests.Test2"/>
</testsuite> <!-- Test -->
