<?xml version="1.0" encoding="UTF-8"?>
<testng-results skipped="0" failed="0" total="6" passed="6">
  <reporter-output>
  </reporter-output>
  <suite name="Suite" duration-ms="83" started-at="2018-07-07T13:07:12Z" finished-at="2018-07-07T13:07:12Z">
    <groups>
    </groups>
    <test name="Test" duration-ms="83" started-at="2018-07-07T13:07:12Z" finished-at="2018-07-07T13:07:12Z">
      <class name="com.qa.Tests.Test2">
        <test-method status="PASS" signature="test4()[pri:0, instance:com.qa.Tests.Test2@f5e5e3]" name="test4" duration-ms="2" started-at="2018-07-07T18:37:12Z" finished-at="2018-07-07T18:37:12Z">
          <reporter-output>
          </reporter-output>
        </test-method> <!-- test4 -->
        <test-method status="PASS" signature="test5()[pri:0, instance:com.qa.Tests.Test2@f5e5e3]" name="test5" duration-ms="2" started-at="2018-07-07T18:37:12Z" finished-at="2018-07-07T18:37:12Z">
          <reporter-output>
          </reporter-output>
        </test-method> <!-- test5 -->
        <test-method status="PASS" signature="test6()[pri:0, instance:com.qa.Tests.Test2@f5e5e3]" name="test6" duration-ms="10" started-at="2018-07-07T18:37:12Z" finished-at="2018-07-07T18:37:12Z">
          <reporter-output>
          </reporter-output>
        </test-method> <!-- test6 -->
      </class> <!-- com.qa.Tests.Test2 -->
      <class name="com.qa.Tests.Test1">
        <test-method status="PASS" signature="test1()[pri:0, instance:com.qa.Tests.Test1@e9a829]" name="test1" duration-ms="14" started-at="2018-07-07T18:37:12Z" finished-at="2018-07-07T18:37:12Z">
          <reporter-output>
          </reporter-output>
        </test-method> <!-- test1 -->
        <test-method status="PASS" signature="test2()[pri:0, instance:com.qa.Tests.Test1@e9a829]" name="test2" duration-ms="2" started-at="2018-07-07T18:37:12Z" finished-at="2018-07-07T18:37:12Z">
          <reporter-output>
          </reporter-output>
        </test-method> <!-- test2 -->
        <test-method status="PASS" signature="test3()[pri:0, instance:com.qa.Tests.Test1@e9a829]" name="test3" duration-ms="2" started-at="2018-07-07T18:37:12Z" finished-at="2018-07-07T18:37:12Z">
          <reporter-output>
          </reporter-output>
        </test-method> <!-- test3 -->
      </class> <!-- com.qa.Tests.Test1 -->
    </test> <!-- Test -->
  </suite> <!-- Suite -->
</testng-results>
